2024-07-11T22:23:25.471Z [ERROR]: user.toObject is not a function
TypeError: user.toObject is not a function
    at D:\work\freelance\duvdu_backend\team-project\src\controllers\project\getProjects.controller.ts:102:30
    at Array.forEach (<anonymous>)
    at D:\work\freelance\duvdu_backend\team-project\src\controllers\project\getProjects.controller.ts:101:22
    at Array.forEach (<anonymous>)
    at D:\work\freelance\duvdu_backend\team-project\src\controllers\project\getProjects.controller.ts:98:29
    at Array.forEach (<anonymous>)
    at D:\work\freelance\duvdu_backend\team-project\src\controllers\project\getProjects.controller.ts:95:12
    at Generator.next (<anonymous>)
    at fulfilled (D:\work\freelance\duvdu_backend\team-project\src\controllers\project\getProjects.controller.ts:5:58)
    at processTicksAndRejections (node:internal/process/task_queues:95:5)
2024-07-11T22:32:49.076Z [ERROR]: validation error
Error: validation error
    at globalValidatorMiddleware (D:\work\freelance\duvdu_backend\team-project\node_modules\@duvdu-v1\duvdu\build\middlewares\global-validator.middleware.js:32:21)
    at newFn (D:\work\freelance\duvdu_backend\team-project\node_modules\express-async-errors\index.js:16:20)
    at Layer.handle [as handle_request] (D:\work\freelance\duvdu_backend\team-project\node_modules\express\lib\router\layer.js:95:5)
    at next (D:\work\freelance\duvdu_backend\team-project\node_modules\express\lib\router\route.js:149:13)
    at middleware (D:\work\freelance\duvdu_backend\team-project\node_modules\express-validator\src\middlewares\check.js:16:13)
    at processTicksAndRejections (node:internal/process/task_queues:95:5)
2024-07-11T22:35:43.682Z [ERROR]: الرمز المميز للوصول غير موجود
Error: الرمز المميز للوصول غير موجود
    at D:\work\freelance\duvdu_backend\team-project\node_modules\@duvdu-v1\duvdu\build\middlewares\auth.middleware.js:18:21
    at Generator.next (<anonymous>)
    at D:\work\freelance\duvdu_backend\team-project\node_modules\@duvdu-v1\duvdu\build\middlewares\auth.middleware.js:8:71
    at new Promise (<anonymous>)
    at __awaiter (D:\work\freelance\duvdu_backend\team-project\node_modules\@duvdu-v1\duvdu\build\middlewares\auth.middleware.js:4:12)
    at isauthenticated (D:\work\freelance\duvdu_backend\team-project\node_modules\@duvdu-v1\duvdu\build\middlewares\auth.middleware.js:16:45)
    at newFn (D:\work\freelance\duvdu_backend\team-project\node_modules\express-async-errors\index.js:16:20)
    at Layer.handle [as handle_request] (D:\work\freelance\duvdu_backend\team-project\node_modules\express\lib\router\layer.js:95:5)
    at next (D:\work\freelance\duvdu_backend\team-project\node_modules\express\lib\router\route.js:149:13)
    at next (D:\work\freelance\duvdu_backend\team-project\node_modules\express\lib\router\route.js:145:7)
2024-07-11T22:59:29.680Z [ERROR]: Cannot read properties of undefined (reading 'id')
TypeError: Cannot read properties of undefined (reading 'id')
    at D:\work\freelance\duvdu_backend\team-project\src\controllers\project\addCreative.controller.ts:22:49
    at Generator.next (<anonymous>)
    at fulfilled (D:\work\freelance\duvdu_backend\team-project\src\controllers\project\addCreative.controller.ts:5:58)
    at processTicksAndRejections (node:internal/process/task_queues:95:5)
