2024-06-21T21:00:29.889Z [ERROR]: ENOENT: no such file or directory, unlink 'D:\work\freelance\duvdu_backend\portfolio-post\media\studio-booking\b01f895e-7b50-4c6b-aaf4-23d855269d6b.jpg'
Error: ENOENT: no such file or directory, unlink 'D:\work\freelance\duvdu_backend\portfolio-post\media\studio-booking\b01f895e-7b50-4c6b-aaf4-23d855269d6b.jpg'
    at Object.unlinkSync (node:fs:1868:18)
    at D:\work\freelance\duvdu_backend\portfolio-post\node_modules\@duvdu-v1\duvdu\build\utils\file.js:18:26
    at Array.forEach (<anonymous>)
    at Object.removeFiles (D:\work\freelance\duvdu_backend\portfolio-post\node_modules\@duvdu-v1\duvdu\build\utils\file.js:16:15)
    at D:\work\freelance\duvdu_backend\portfolio-post\src\controllers\projects\createProject.controller.ts:38:15
    at Generator.next (<anonymous>)
    at fulfilled (D:\work\freelance\duvdu_backend\portfolio-post\src\controllers\projects\createProject.controller.ts:5:58)
    at processTicksAndRejections (node:internal/process/task_queues:95:5)
2024-06-21T21:00:41.778Z [ERROR]: ENOENT: no such file or directory, open 'D:\work\freelance\duvdu_backend\portfolio-post\media\portfolio_post\b0f3b337-f5bf-49c0-9e6d-d3014cd067e6.jpg'
Error: ENOENT: no such file or directory, open 'D:\work\freelance\duvdu_backend\portfolio-post\media\portfolio_post\b0f3b337-f5bf-49c0-9e6d-d3014cd067e6.jpg'
2024-06-21T21:00:44.114Z [ERROR]: ENOENT: no such file or directory, open 'D:\work\freelance\duvdu_backend\portfolio-post\media\portfolio_post\801c2ea2-f207-44d6-9f47-280b98faf6d9.jpg'
Error: ENOENT: no such file or directory, open 'D:\work\freelance\duvdu_backend\portfolio-post\media\portfolio_post\801c2ea2-f207-44d6-9f47-280b98faf6d9.jpg'
2024-06-21T21:02:03.724Z [ERROR]: ENOENT: no such file or directory, unlink 'D:\work\freelance\duvdu_backend\portfolio-post\media\studio-booking\eb79fbf6-6d68-46be-ac2b-fa719d02fc94.jpg'
Error: ENOENT: no such file or directory, unlink 'D:\work\freelance\duvdu_backend\portfolio-post\media\studio-booking\eb79fbf6-6d68-46be-ac2b-fa719d02fc94.jpg'
    at Object.unlinkSync (node:fs:1868:18)
    at D:\work\freelance\duvdu_backend\portfolio-post\node_modules\@duvdu-v1\duvdu\build\utils\file.js:18:26
    at Array.forEach (<anonymous>)
    at Object.removeFiles (D:\work\freelance\duvdu_backend\portfolio-post\node_modules\@duvdu-v1\duvdu\build\utils\file.js:16:15)
    at D:\work\freelance\duvdu_backend\portfolio-post\src\controllers\projects\createProject.controller.ts:38:15
    at Generator.next (<anonymous>)
    at fulfilled (D:\work\freelance\duvdu_backend\portfolio-post\src\controllers\projects\createProject.controller.ts:5:58)
    at processTicksAndRejections (node:internal/process/task_queues:95:5)
2024-06-21T21:04:05.508Z [ERROR]: ENOENT: no such file or directory, unlink 'D:\work\freelance\duvdu_backend\portfolio-post\media\studio-booking\40fe12d2-9fb2-4990-b4e2-455a5621a4f4.jpg'
Error: ENOENT: no such file or directory, unlink 'D:\work\freelance\duvdu_backend\portfolio-post\media\studio-booking\40fe12d2-9fb2-4990-b4e2-455a5621a4f4.jpg'
    at Object.unlinkSync (node:fs:1868:18)
    at D:\work\freelance\duvdu_backend\portfolio-post\node_modules\@duvdu-v1\duvdu\build\utils\file.js:18:26
    at Array.forEach (<anonymous>)
    at Object.removeFiles (D:\work\freelance\duvdu_backend\portfolio-post\node_modules\@duvdu-v1\duvdu\build\utils\file.js:16:15)
    at D:\work\freelance\duvdu_backend\portfolio-post\src\controllers\projects\createProject.controller.ts:38:15
    at Generator.next (<anonymous>)
    at fulfilled (D:\work\freelance\duvdu_backend\portfolio-post\src\controllers\projects\createProject.controller.ts:5:58)
    at processTicksAndRejections (node:internal/process/task_queues:95:5)
2024-06-21T21:04:58.742Z [ERROR]: Cover must be a video for video media type
Error: Cover must be a video for video media type
    at D:\work\freelance\duvdu_backend\portfolio-post\src\controllers\projects\createProject.controller.ts:39:22
    at Generator.next (<anonymous>)
    at fulfilled (D:\work\freelance\duvdu_backend\portfolio-post\src\controllers\projects\createProject.controller.ts:5:58)
    at processTicksAndRejections (node:internal/process/task_queues:95:5)
